Starting project at /Users/bbassett/tag-hack/frontend
env: load .env
env: export EXPO_PUBLIC_FIREBASE_API_KEY EXPO_PUBLIC_FIREBASE_AUTH_DOMAIN EXPO_PUBLIC_FIREBASE_PROJECT_ID EXPO_PUBLIC_FIREBASE_STORAGE_BUCKET EXPO_PUBLIC_FIREBASE_MESSAGING_SENDER_ID EXPO_PUBLIC_FIREBASE_APP_ID EXPO_PUBLIC_API_BASE_URL EXPO_PUBLIC_WEB_BASE_URL GEMINI_API_KEY
› Port 8081 is running this app in another window
  /Users/bbassett/tag-hack/frontend (pid 44769)
Input is required, but 'npx expo' is in non-interactive mode.
Required input:
> Use port 8082 instead?
› Skipping dev server
Starting project at /Users/bbassett/tag-hack/frontend
env: load .env
env: export EXPO_PUBLIC_FIREBASE_API_KEY EXPO_PUBLIC_FIREBASE_AUTH_DOMAIN EXPO_PUBLIC_FIREBASE_PROJECT_ID EXPO_PUBLIC_FIREBASE_STORAGE_BUCKET EXPO_PUBLIC_FIREBASE_MESSAGING_SENDER_ID EXPO_PUBLIC_FIREBASE_APP_ID EXPO_PUBLIC_API_BASE_URL EXPO_PUBLIC_WEB_BASE_URL GEMINI_API_KEY
Starting Metro Bundler
› Opening exp://192.168.4.151:8081 on iPhone 16 Pro
Waiting on http://localhost:8081
Logs for your project will appear below.
iOS Bundled 407ms node_modules/expo/AppEntry.js (830 modules)
Starting project at /Users/bbassett/tag-hack/frontend
env: load .env
env: export EXPO_PUBLIC_FIREBASE_API_KEY EXPO_PUBLIC_FIREBASE_AUTH_DOMAIN EXPO_PUBLIC_FIREBASE_PROJECT_ID EXPO_PUBLIC_FIREBASE_STORAGE_BUCKET EXPO_PUBLIC_FIREBASE_MESSAGING_SENDER_ID EXPO_PUBLIC_FIREBASE_APP_ID EXPO_PUBLIC_API_BASE_URL EXPO_PUBLIC_WEB_BASE_URL GEMINI_API_KEY
Starting Metro Bundler
› Opening exp://192.168.4.151:8081 on iPhone 16 Pro
Waiting on http://localhost:8081
Logs for your project will appear below.
iOS Bundled 446ms node_modules/expo/AppEntry.js (941 modules)
 ERROR  Failed to fetch feed: [Error: Failed to fetch stories]
Starting project at /Users/bbassett/tag-hack/frontend
env: load .env
env: export EXPO_PUBLIC_FIREBASE_API_KEY EXPO_PUBLIC_FIREBASE_AUTH_DOMAIN EXPO_PUBLIC_FIREBASE_PROJECT_ID EXPO_PUBLIC_FIREBASE_STORAGE_BUCKET EXPO_PUBLIC_FIREBASE_MESSAGING_SENDER_ID EXPO_PUBLIC_FIREBASE_APP_ID EXPO_PUBLIC_API_BASE_URL EXPO_PUBLIC_WEB_BASE_URL GEMINI_API_KEY
Starting Metro Bundler
› Opening exp://192.168.4.151:8081 on iPhone 16 Pro
Waiting on http://localhost:8081
Logs for your project will appear below.
iOS Bundled 585ms node_modules/expo/AppEntry.js (944 modules)
Starting project at /Users/bbassett/tag-hack/frontend
env: load .env
env: export EXPO_PUBLIC_FIREBASE_API_KEY EXPO_PUBLIC_FIREBASE_AUTH_DOMAIN EXPO_PUBLIC_FIREBASE_PROJECT_ID EXPO_PUBLIC_FIREBASE_STORAGE_BUCKET EXPO_PUBLIC_FIREBASE_MESSAGING_SENDER_ID EXPO_PUBLIC_FIREBASE_APP_ID EXPO_PUBLIC_API_BASE_URL EXPO_PUBLIC_WEB_BASE_URL GEMINI_API_KEY
Starting Metro Bundler
› Opening exp://192.168.4.151:8081 on iPhone 16 Pro
Waiting on http://localhost:8081
Logs for your project will appear below.
iOS Bundled 394ms node_modules/expo/AppEntry.js (830 modules)
Starting project at /Users/bbassett/tag-hack/frontend
env: load .env
env: export EXPO_PUBLIC_FIREBASE_API_KEY EXPO_PUBLIC_FIREBASE_AUTH_DOMAIN EXPO_PUBLIC_FIREBASE_PROJECT_ID EXPO_PUBLIC_FIREBASE_STORAGE_BUCKET EXPO_PUBLIC_FIREBASE_MESSAGING_SENDER_ID EXPO_PUBLIC_FIREBASE_APP_ID EXPO_PUBLIC_API_BASE_URL EXPO_PUBLIC_WEB_BASE_URL GEMINI_API_KEY
Starting Metro Bundler
› Opening exp://192.168.4.151:8081 on iPhone 16 Pro
Waiting on http://localhost:8081
Logs for your project will appear below.
iOS Bundled 409ms node_modules/expo/AppEntry.js (830 modules)
Starting project at /Users/bbassett/tag-hack/frontend
env: load .env
env: export EXPO_PUBLIC_FIREBASE_API_KEY EXPO_PUBLIC_FIREBASE_AUTH_DOMAIN EXPO_PUBLIC_FIREBASE_PROJECT_ID EXPO_PUBLIC_FIREBASE_STORAGE_BUCKET EXPO_PUBLIC_FIREBASE_MESSAGING_SENDER_ID EXPO_PUBLIC_FIREBASE_APP_ID EXPO_PUBLIC_API_BASE_URL EXPO_PUBLIC_WEB_BASE_URL GEMINI_API_KEY
Starting Metro Bundler
› Opening exp://192.168.4.151:8081 on iPhone 16 Pro
Waiting on http://localhost:8081
Logs for your project will appear below.
iOS Bundled 409ms node_modules/expo/AppEntry.js (843 modules)
Starting project at /Users/bbassett/tag-hack/frontend
env: load .env
env: export EXPO_PUBLIC_FIREBASE_API_KEY EXPO_PUBLIC_FIREBASE_AUTH_DOMAIN EXPO_PUBLIC_FIREBASE_PROJECT_ID EXPO_PUBLIC_FIREBASE_STORAGE_BUCKET EXPO_PUBLIC_FIREBASE_MESSAGING_SENDER_ID EXPO_PUBLIC_FIREBASE_APP_ID EXPO_PUBLIC_API_BASE_URL EXPO_PUBLIC_WEB_BASE_URL GEMINI_API_KEY
Starting Metro Bundler
› Opening exp://192.168.4.151:8081 on iPhone 16 Pro
Waiting on http://localhost:8081
Logs for your project will appear below.
iOS Bundled 418ms node_modules/expo/AppEntry.js (830 modules)
Starting project at /Users/bbassett/tag-hack/frontend
env: load .env
env: export EXPO_PUBLIC_FIREBASE_API_KEY EXPO_PUBLIC_FIREBASE_AUTH_DOMAIN EXPO_PUBLIC_FIREBASE_PROJECT_ID EXPO_PUBLIC_FIREBASE_STORAGE_BUCKET EXPO_PUBLIC_FIREBASE_MESSAGING_SENDER_ID EXPO_PUBLIC_FIREBASE_APP_ID EXPO_PUBLIC_API_BASE_URL EXPO_PUBLIC_WEB_BASE_URL GEMINI_API_KEY
Starting Metro Bundler
› Opening exp://192.168.4.151:8081 on iPhone 16 Pro
Waiting on http://localhost:8081
Logs for your project will appear below.
iOS Bundled 459ms node_modules/expo/AppEntry.js (942 modules)
Starting project at /Users/bbassett/tag-hack/frontend
env: load .env
env: export EXPO_PUBLIC_FIREBASE_API_KEY EXPO_PUBLIC_FIREBASE_AUTH_DOMAIN EXPO_PUBLIC_FIREBASE_PROJECT_ID EXPO_PUBLIC_FIREBASE_STORAGE_BUCKET EXPO_PUBLIC_FIREBASE_MESSAGING_SENDER_ID EXPO_PUBLIC_FIREBASE_APP_ID EXPO_PUBLIC_API_BASE_URL EXPO_PUBLIC_WEB_BASE_URL GEMINI_API_KEY
Starting Metro Bundler
› Opening exp://192.168.4.151:8081 on iPhone 16 Pro
Waiting on http://localhost:8081
Logs for your project will appear below.
iOS Bundled 416ms node_modules/expo/AppEntry.js (830 modules)
Starting project at /Users/bbassett/tag-hack/frontend
env: load .env
env: export EXPO_PUBLIC_FIREBASE_API_KEY EXPO_PUBLIC_FIREBASE_AUTH_DOMAIN EXPO_PUBLIC_FIREBASE_PROJECT_ID EXPO_PUBLIC_FIREBASE_STORAGE_BUCKET EXPO_PUBLIC_FIREBASE_MESSAGING_SENDER_ID EXPO_PUBLIC_FIREBASE_APP_ID EXPO_PUBLIC_API_BASE_URL EXPO_PUBLIC_WEB_BASE_URL GEMINI_API_KEY
Starting Metro Bundler
› Opening exp://192.168.4.151:8081 on iPhone 16 Pro
Waiting on http://localhost:8081
Logs for your project will appear below.
iOS Bundled 410ms node_modules/expo/AppEntry.js (819 modules)
Starting project at /Users/bbassett/tag-hack/frontend
env: load .env
env: export EXPO_PUBLIC_FIREBASE_API_KEY EXPO_PUBLIC_FIREBASE_AUTH_DOMAIN EXPO_PUBLIC_FIREBASE_PROJECT_ID EXPO_PUBLIC_FIREBASE_STORAGE_BUCKET EXPO_PUBLIC_FIREBASE_MESSAGING_SENDER_ID EXPO_PUBLIC_FIREBASE_APP_ID EXPO_PUBLIC_API_BASE_URL EXPO_PUBLIC_WEB_BASE_URL GEMINI_API_KEY
Starting Metro Bundler
› Opening exp://192.168.4.151:8081 on iPhone 16 Pro
Waiting on http://localhost:8081
Logs for your project will appear below.
iOS Bundled 458ms node_modules/expo/AppEntry.js (943 modules)
Starting project at /Users/bbassett/tag-hack/frontend
env: load .env
env: export EXPO_PUBLIC_FIREBASE_API_KEY EXPO_PUBLIC_FIREBASE_AUTH_DOMAIN EXPO_PUBLIC_FIREBASE_PROJECT_ID EXPO_PUBLIC_FIREBASE_STORAGE_BUCKET EXPO_PUBLIC_FIREBASE_MESSAGING_SENDER_ID EXPO_PUBLIC_FIREBASE_APP_ID EXPO_PUBLIC_API_BASE_URL EXPO_PUBLIC_WEB_BASE_URL GEMINI_API_KEY
Starting Metro Bundler
› Opening exp://192.168.4.151:8081 on iPhone 16 Pro
Waiting on http://localhost:8081
Logs for your project will appear below.
iOS Bundled 429ms node_modules/expo/AppEntry.js (825 modules)
Starting project at /Users/bbassett/tag-hack/frontend
env: load .env
env: export EXPO_PUBLIC_FIREBASE_API_KEY EXPO_PUBLIC_FIREBASE_AUTH_DOMAIN EXPO_PUBLIC_FIREBASE_PROJECT_ID EXPO_PUBLIC_FIREBASE_STORAGE_BUCKET EXPO_PUBLIC_FIREBASE_MESSAGING_SENDER_ID EXPO_PUBLIC_FIREBASE_APP_ID EXPO_PUBLIC_API_BASE_URL EXPO_PUBLIC_WEB_BASE_URL GEMINI_API_KEY
Starting Metro Bundler
› Opening exp://192.168.4.151:8081 on iPhone 16 Pro
Waiting on http://localhost:8081
Logs for your project will appear below.
iOS Bundled 442ms node_modules/expo/AppEntry.js (826 modules)
Starting project at /Users/bbassett/tag-hack/frontend
env: load .env
env: export EXPO_PUBLIC_FIREBASE_API_KEY EXPO_PUBLIC_FIREBASE_AUTH_DOMAIN EXPO_PUBLIC_FIREBASE_PROJECT_ID EXPO_PUBLIC_FIREBASE_STORAGE_BUCKET EXPO_PUBLIC_FIREBASE_MESSAGING_SENDER_ID EXPO_PUBLIC_FIREBASE_APP_ID EXPO_PUBLIC_API_BASE_URL EXPO_PUBLIC_WEB_BASE_URL GEMINI_API_KEY
Starting Metro Bundler
› Opening exp://192.168.4.151:8081 on iPhone 16 Pro
Waiting on http://localhost:8081
Logs for your project will appear below.
iOS Bundled 458ms node_modules/expo/AppEntry.js (939 modules)
Starting project at /Users/bbassett/tag-hack/frontend
env: load .env
env: export EXPO_PUBLIC_FIREBASE_API_KEY EXPO_PUBLIC_FIREBASE_AUTH_DOMAIN EXPO_PUBLIC_FIREBASE_PROJECT_ID EXPO_PUBLIC_FIREBASE_STORAGE_BUCKET EXPO_PUBLIC_FIREBASE_MESSAGING_SENDER_ID EXPO_PUBLIC_FIREBASE_APP_ID EXPO_PUBLIC_API_BASE_URL EXPO_PUBLIC_WEB_BASE_URL GEMINI_API_KEY
Starting Metro Bundler
› Opening exp://192.168.4.151:8081 on iPhone 16 Pro
Waiting on http://localhost:8081
Logs for your project will appear below.
iOS Bundled 432ms node_modules/expo/AppEntry.js (814 modules)
